INFO:root:Ran with args: ('Tom', 22), and kwargs: {}
INFO:root:Ran with args: ('Tom', 22), and kwargs: {}
INFO:root:Ran with args: ('Tom', 22), and kwargs: {}
INFO:root:Ran with args: ('Tom', 22), and kwargs: {}
INFO:root:Ran with args: ('Manu', 20), and kwargs: {}
INFO:root:Ran with args: ('Manu', 20), and kwargs: {}
INFO:root:Ran with args: ('Manu', 20), and kwargs: {}
INFO:root:Ran with args: ('Manu', 20), and kwargs: {}
INFO:root:Ran with args: ('Manu', 20), and kwargs: {}
INFO:root:Ran with args: ('Manu', 20), and kwargs: {}
INFO:root:Ran with args: ('Bhoomi', 17), and kwargs: {}
INFO:root:Ran with args: ('Ravi', 54), and kwargs: {}
INFO:root:Ran with args: ('Shamantha', 44), and kwargs: {}
INFO:root:Ran with args: ('Shamantha', 44), and kwargs: {}
INFO:root:Ran with args: ('Shamantha', 44), and kwargs: {}
INFO:root:Ran with args: ('Shamantha', 44), and kwargs: {}
INFO:root:Ran with args: ('Shamantha', 44), and kwargs: {}
INFO:root:Ran with args: ('Shamantha', 44), and kwargs: {}
INFO:root:Ran with args: ('Shamantha', 44), and kwargs: {}
INFO:root:Ran with args: ('Shamantha', 44), and kwargs: {}
INFO:root:Ran with args: ('Shamantha', 44), and kwargs: {}
INFO:root:Ran with args: ('Shamantha', 44), and kwargs: {}
INFO:root:Ran with args: ('Shamantha', 44), and kwargs: {}
INFO:root:Ran with args: ('Shamantha', 44), and kwargs: {}
INFO:root:Ran with args: ('Shamantha', 44), and kwargs: {}
INFO:root:Ran with args: ('Shamantha', 44), and kwargs: {}
