INFO:__main__:Created employee: Manoj Poojari - Manoj.Poojari@email.com
INFO:__main__:Created employee: Ravi Kumar - Ravi.Kumar@email.com
INFO:__main__:Created employee: Shamantha Ravi - Shamantha.Ravi@email.com
INFO:__main__:Created employee: Bhoomika Poojari - Bhoomika.Poojari@email.com
INFO:employee:Created employee: Manoj Poojari - Manoj.Poojari@email.com
INFO:employee:Created employee: Ravi Kumar - Ravi.Kumar@email.com
INFO:employee:Created employee: Shamantha Ravi - Shamantha.Ravi@email.com
INFO:employee:Created employee: Bhoomika Poojari - Bhoomika.Poojari@email.com
INFO:employee:Created employee: Manoj Poojari - Manoj.Poojari@email.com
INFO:employee:Created employee: Ravi Kumar - Ravi.Kumar@email.com
INFO:employee:Created employee: Shamantha Ravi - Shamantha.Ravi@email.com
INFO:employee:Created employee: Bhoomika Poojari - Bhoomika.Poojari@email.com
INFO:employee:Created employee: Manoj Poojari - Manoj.Poojari@email.com
INFO:employee:Created employee: Ravi Kumar - Ravi.Kumar@email.com
INFO:employee:Created employee: Shamantha Ravi - Shamantha.Ravi@email.com
INFO:employee:Created employee: Bhoomika Poojari - Bhoomika.Poojari@email.com
INFO:employee:Created employee: Manoj Poojari - Manoj.Poojari@email.com
INFO:employee:Created employee: Ravi Kumar - Ravi.Kumar@email.com
INFO:employee:Created employee: Shamantha Ravi - Shamantha.Ravi@email.com
INFO:employee:Created employee: Bhoomika Poojari - Bhoomika.Poojari@email.com
INFO:employee:Created employee: Manoj Poojari - Manoj.Poojari@email.com
INFO:employee:Created employee: Ravi Kumar - Ravi.Kumar@email.com
INFO:employee:Created employee: Shamantha Ravi - Shamantha.Ravi@email.com
INFO:employee:Created employee: Bhoomika Poojari - Bhoomika.Poojari@email.com
INFO:employee:Created employee: Manoj Poojari - Manoj.Poojari@email.com
INFO:employee:Created employee: Ravi Kumar - Ravi.Kumar@email.com
INFO:employee:Created employee: Shamantha Ravi - Shamantha.Ravi@email.com
INFO:employee:Created employee: Bhoomika Poojari - Bhoomika.Poojari@email.com
INFO:employee:Created employee: Manoj Poojari - Manoj.Poojari@email.com
INFO:employee:Created employee: Ravi Kumar - Ravi.Kumar@email.com
INFO:employee:Created employee: Shamantha Ravi - Shamantha.Ravi@email.com
INFO:employee:Created employee: Bhoomika Poojari - Bhoomika.Poojari@email.com
INFO:employee:Created employee: Manoj Poojari - Manoj.Poojari@email.com
INFO:employee:Created employee: Ravi Kumar - Ravi.Kumar@email.com
INFO:employee:Created employee: Shamantha Ravi - Shamantha.Ravi@email.com
INFO:employee:Created employee: Bhoomika Poojari - Bhoomika.Poojari@email.com
INFO:employee:Created employee: Manoj Poojari - Manoj.Poojari@email.com
INFO:employee:Created employee: Ravi Kumar - Ravi.Kumar@email.com
INFO:employee:Created employee: Shamantha Ravi - Shamantha.Ravi@email.com
INFO:employee:Created employee: Bhoomika Poojari - Bhoomika.Poojari@email.com
INFO:employee:Created employee: Manoj Poojari - Manoj.Poojari@email.com
INFO:employee:Created employee: Ravi Kumar - Ravi.Kumar@email.com
INFO:employee:Created employee: Shamantha Ravi - Shamantha.Ravi@email.com
INFO:employee:Created employee: Bhoomika Poojari - Bhoomika.Poojari@email.com
INFO:employee:Created employee: Manoj Poojari - Manoj.Poojari@email.com
INFO:employee:Created employee: Ravi Kumar - Ravi.Kumar@email.com
INFO:employee:Created employee: Shamantha Ravi - Shamantha.Ravi@email.com
INFO:employee:Created employee: Bhoomika Poojari - Bhoomika.Poojari@email.com
INFO:employee:Created employee: Manoj Poojari - Manoj.Poojari@email.com
INFO:employee:Created employee: Ravi Kumar - Ravi.Kumar@email.com
INFO:employee:Created employee: Shamantha Ravi - Shamantha.Ravi@email.com
INFO:employee:Created employee: Bhoomika Poojari - Bhoomika.Poojari@email.com
INFO:employee:Created employee: Manoj Poojari - Manoj.Poojari@email.com
INFO:employee:Created employee: Ravi Kumar - Ravi.Kumar@email.com
INFO:employee:Created employee: Shamantha Ravi - Shamantha.Ravi@email.com
INFO:employee:Created employee: Bhoomika Poojari - Bhoomika.Poojari@email.com
INFO:employee:Created employee: Manoj Poojari - Manoj.Poojari@email.com
INFO:employee:Created employee: Ravi Kumar - Ravi.Kumar@email.com
INFO:employee:Created employee: Shamantha Ravi - Shamantha.Ravi@email.com
INFO:employee:Created employee: Bhoomika Poojari - Bhoomika.Poojari@email.com
INFO:employee:Created employee: Manoj Poojari - Manoj.Poojari@email.com
INFO:employee:Created employee: Ravi Kumar - Ravi.Kumar@email.com
INFO:employee:Created employee: Shamantha Ravi - Shamantha.Ravi@email.com
INFO:employee:Created employee: Bhoomika Poojari - Bhoomika.Poojari@email.com
INFO:__main__:Created employee: Manoj Poojari - Manoj.Poojari@email.com
INFO:__main__:Created employee: Ravi Kumar - Ravi.Kumar@email.com
INFO:__main__:Created employee: Shamantha Ravi - Shamantha.Ravi@email.com
INFO:__main__:Created employee: Bhoomika Poojari - Bhoomika.Poojari@email.com
INFO:__main__:Created employee: Manoj Poojari - Manoj.Poojari@email.com
INFO:__main__:Created employee: Ravi Kumar - Ravi.Kumar@email.com
INFO:__main__:Created employee: Shamantha Ravi - Shamantha.Ravi@email.com
INFO:__main__:Created employee: Bhoomika Poojari - Bhoomika.Poojari@email.com
INFO:__main__:Created employee: Manoj Poojari - Manoj.Poojari@email.com
INFO:__main__:Created employee: Ravi Kumar - Ravi.Kumar@email.com
INFO:__main__:Created employee: Shamantha Ravi - Shamantha.Ravi@email.com
INFO:__main__:Created employee: Bhoomika Poojari - Bhoomika.Poojari@email.com
