2017-07-06 09:02:15,278:ERROR:Tried to divide by zero
Traceback (most recent call last):
  File "C:\New folder\Python\codes\log_example.py", line 21, in div
    result = x/y
ZeroDivisionError: division by zero
2017-07-06 09:02:59,771:ERROR:Tried to divide by zero
2017-07-06 09:04:59,299:ERROR:Tried to divide by zero
2017-07-06 09:05:19,498:ERROR:Tried to divide by zero
Traceback (most recent call last):
  File "C:\New folder\Python\codes\log_example.py", line 26, in div
    result = x/y
ZeroDivisionError: division by zero
2017-07-06 09:05:37,546:ERROR:Tried to divide by zero
Traceback (most recent call last):
  File "C:\New folder\Python\codes\log_example.py", line 26, in div
    result = x/y
ZeroDivisionError: division by zero
2017-07-06 09:06:29,487:ERROR:Tried to divide by zero
Traceback (most recent call last):
  File "C:\New folder\Python\codes\log_example.py", line 26, in div
    result = x/y
ZeroDivisionError: division by zero
2017-07-06 09:06:45,479:ERROR:Tried to divide by zero
Traceback (most recent call last):
  File "C:\New folder\Python\codes\log_example.py", line 26, in div
    result = x/y
ZeroDivisionError: division by zero
2017-07-06 09:07:30,218:ERROR:Tried to divide by zero
2017-07-06 09:08:09,517:ERROR:Tried to divide by zero

2017-07-06 09:08:21,130:ERROR:Tried to divide by zero

2017-07-06 09:08:34,021:ERROR:Tried to divide by zero
Traceback (most recent call last):
  File "C:\New folder\Python\codes\log_example.py", line 26, in div
    result = x/y
ZeroDivisionError: division by zero
2017-07-06 09:08:47,309:ERROR:Tried to divide by zero
Traceback (most recent call last):
  File "C:\New folder\Python\codes\log_example.py", line 26, in div
    result = x/y
ZeroDivisionError: division by zero
2017-07-06 09:09:15,326:ERROR:Tried to divide by zero

